Existing tables dropped.
Loading patients...
  3,001 rows loaded
Loading staff...
  80 rows loaded
Loading appointments...
  20,000 rows loaded
Loading satisfaction surveys...
  3,894 rows loaded
Loading billing claims...
  11,094 rows loaded

All data loaded successfully into PostgreSQL!
Existing tables dropped.
Loading patients...
  3,001 rows loaded
Loading staff...
  80 rows loaded
Loading appointments...
  20,000 rows loaded
Loading satisfaction surveys...
  3,894 rows loaded
Loading billing claims...
  11,094 rows loaded

All data loaded successfully into PostgreSQL!
